<?xml version="1.0" encoding="UTF-8"?>
<testsuite xmlns:xsi="http://www.w3.org/2001/XMLSchema-instance" xsi:noNamespaceSchemaLocation="https://maven.apache.org/surefire/maven-surefire-plugin/xsd/surefire-test-report.xsd" name="com.prizy.pricer.repositories.ProductRepositoryTest" time="0.126" tests="1" errors="1" skipped="0" failures="0">
  <properties>
    <property name="sun.desktop" value="windows"/>
    <property name="awt.toolkit" value="sun.awt.windows.WToolkit"/>
    <property name="file.encoding.pkg" value="sun.io"/>
    <property name="java.specification.version" value="1.8"/>
    <property name="sun.cpu.isalist" value="amd64"/>
    <property name="sun.jnu.encoding" value="Cp1252"/>
    <property name="java.class.path" value="G:\GhousiaDrive\GithubProject-Xebia\Pricer\target\test-classes;G:\GhousiaDrive\GithubProject-Xebia\Pricer\target\classes;G:\Fdrive\SpringBoot\repository\org\springframework\boot\spring-boot-starter-data-mongodb\2.0.1.RELEASE\spring-boot-starter-data-mongodb-2.0.1.RELEASE.jar;G:\Fdrive\SpringBoot\repository\org\springframework\boot\spring-boot-starter\2.0.1.RELEASE\spring-boot-starter-2.0.1.RELEASE.jar;G:\Fdrive\SpringBoot\repository\org\springframework\boot\spring-boot-starter-logging\2.0.1.RELEASE\spring-boot-starter-logging-2.0.1.RELEASE.jar;G:\Fdrive\SpringBoot\repository\ch\qos\logback\logback-classic\1.2.3\logback-classic-1.2.3.jar;G:\Fdrive\SpringBoot\repository\ch\qos\logback\logback-core\1.2.3\logback-core-1.2.3.jar;G:\Fdrive\SpringBoot\repository\org\apache\logging\log4j\log4j-to-slf4j\2.10.0\log4j-to-slf4j-2.10.0.jar;G:\Fdrive\SpringBoot\repository\org\apache\logging\log4j\log4j-api\2.10.0\log4j-api-2.10.0.jar;G:\Fdrive\SpringBoot\repository\org\slf4j\jul-to-slf4j\1.7.25\jul-to-slf4j-1.7.25.jar;G:\Fdrive\SpringBoot\repository\org\yaml\snakeyaml\1.19\snakeyaml-1.19.jar;G:\Fdrive\SpringBoot\repository\org\mongodb\mongodb-driver\3.6.3\mongodb-driver-3.6.3.jar;G:\Fdrive\SpringBoot\repository\org\mongodb\bson\3.6.3\bson-3.6.3.jar;G:\Fdrive\SpringBoot\repository\org\mongodb\mongodb-driver-core\3.6.3\mongodb-driver-core-3.6.3.jar;G:\Fdrive\SpringBoot\repository\org\springframework\data\spring-data-mongodb\2.0.6.RELEASE\spring-data-mongodb-2.0.6.RELEASE.jar;G:\Fdrive\SpringBoot\repository\org\springframework\spring-tx\5.0.5.RELEASE\spring-tx-5.0.5.RELEASE.jar;G:\Fdrive\SpringBoot\repository\org\springframework\spring-context\5.0.5.RELEASE\spring-context-5.0.5.RELEASE.jar;G:\Fdrive\SpringBoot\repository\org\springframework\spring-beans\5.0.5.RELEASE\spring-beans-5.0.5.RELEASE.jar;G:\Fdrive\SpringBoot\repository\org\springframework\spring-expression\5.0.5.RELEASE\spring-expression-5.0.5.RELEASE.jar;G:\Fdrive\SpringBoot\repository\org\springframework\data\spring-data-commons\2.0.6.RELEASE\spring-data-commons-2.0.6.RELEASE.jar;G:\Fdrive\SpringBoot\repository\org\slf4j\slf4j-api\1.7.25\slf4j-api-1.7.25.jar;G:\Fdrive\SpringBoot\repository\org\springframework\boot\spring-boot-starter-web\2.0.1.RELEASE\spring-boot-starter-web-2.0.1.RELEASE.jar;G:\Fdrive\SpringBoot\repository\org\springframework\boot\spring-boot-starter-json\2.0.1.RELEASE\spring-boot-starter-json-2.0.1.RELEASE.jar;G:\Fdrive\SpringBoot\repository\com\fasterxml\jackson\core\jackson-databind\2.9.5\jackson-databind-2.9.5.jar;G:\Fdrive\SpringBoot\repository\com\fasterxml\jackson\core\jackson-annotations\2.9.0\jackson-annotations-2.9.0.jar;G:\Fdrive\SpringBoot\repository\com\fasterxml\jackson\core\jackson-core\2.9.5\jackson-core-2.9.5.jar;G:\Fdrive\SpringBoot\repository\com\fasterxml\jackson\datatype\jackson-datatype-jdk8\2.9.5\jackson-datatype-jdk8-2.9.5.jar;G:\Fdrive\SpringBoot\repository\com\fasterxml\jackson\datatype\jackson-datatype-jsr310\2.9.5\jackson-datatype-jsr310-2.9.5.jar;G:\Fdrive\SpringBoot\repository\com\fasterxml\jackson\module\jackson-module-parameter-names\2.9.5\jackson-module-parameter-names-2.9.5.jar;G:\Fdrive\SpringBoot\repository\org\hibernate\validator\hibernate-validator\6.0.9.Final\hibernate-validator-6.0.9.Final.jar;G:\Fdrive\SpringBoot\repository\javax\validation\validation-api\2.0.1.Final\validation-api-2.0.1.Final.jar;G:\Fdrive\SpringBoot\repository\org\jboss\logging\jboss-logging\3.3.2.Final\jboss-logging-3.3.2.Final.jar;G:\Fdrive\SpringBoot\repository\com\fasterxml\classmate\1.3.4\classmate-1.3.4.jar;G:\Fdrive\SpringBoot\repository\org\springframework\spring-web\5.0.5.RELEASE\spring-web-5.0.5.RELEASE.jar;G:\Fdrive\SpringBoot\repository\org\springframework\spring-webmvc\5.0.5.RELEASE\spring-webmvc-5.0.5.RELEASE.jar;G:\Fdrive\SpringBoot\repository\org\springframework\spring-aop\5.0.5.RELEASE\spring-aop-5.0.5.RELEASE.jar;G:\Fdrive\SpringBoot\repository\org\springframework\boot\spring-boot-starter-tomcat\2.0.1.RELEASE\spring-boot-starter-tomcat-2.0.1.RELEASE.jar;G:\Fdrive\SpringBoot\repository\javax\annotation\javax.annotation-api\1.3.2\javax.annotation-api-1.3.2.jar;G:\Fdrive\SpringBoot\repository\org\apache\tomcat\embed\tomcat-embed-core\8.5.29\tomcat-embed-core-8.5.29.jar;G:\Fdrive\SpringBoot\repository\org\apache\tomcat\embed\tomcat-embed-el\8.5.29\tomcat-embed-el-8.5.29.jar;G:\Fdrive\SpringBoot\repository\org\apache\tomcat\embed\tomcat-embed-websocket\8.5.29\tomcat-embed-websocket-8.5.29.jar;G:\Fdrive\SpringBoot\repository\javax\servlet\jstl\1.2\jstl-1.2.jar;G:\Fdrive\SpringBoot\repository\org\apache\tomcat\embed\tomcat-embed-jasper\8.5.29\tomcat-embed-jasper-8.5.29.jar;G:\Fdrive\SpringBoot\repository\org\eclipse\jdt\ecj\3.12.3\ecj-3.12.3.jar;G:\Fdrive\SpringBoot\repository\org\springframework\boot\spring-boot-devtools\2.0.1.RELEASE\spring-boot-devtools-2.0.1.RELEASE.jar;G:\Fdrive\SpringBoot\repository\org\springframework\boot\spring-boot\2.0.1.RELEASE\spring-boot-2.0.1.RELEASE.jar;G:\Fdrive\SpringBoot\repository\org\springframework\boot\spring-boot-autoconfigure\2.0.1.RELEASE\spring-boot-autoconfigure-2.0.1.RELEASE.jar;G:\Fdrive\SpringBoot\repository\org\springframework\boot\spring-boot-starter-test\2.0.1.RELEASE\spring-boot-starter-test-2.0.1.RELEASE.jar;G:\Fdrive\SpringBoot\repository\org\springframework\boot\spring-boot-test\2.0.1.RELEASE\spring-boot-test-2.0.1.RELEASE.jar;G:\Fdrive\SpringBoot\repository\org\springframework\boot\spring-boot-test-autoconfigure\2.0.1.RELEASE\spring-boot-test-autoconfigure-2.0.1.RELEASE.jar;G:\Fdrive\SpringBoot\repository\com\jayway\jsonpath\json-path\2.4.0\json-path-2.4.0.jar;G:\Fdrive\SpringBoot\repository\net\minidev\json-smart\2.3\json-smart-2.3.jar;G:\Fdrive\SpringBoot\repository\net\minidev\accessors-smart\1.2\accessors-smart-1.2.jar;G:\Fdrive\SpringBoot\repository\org\ow2\asm\asm\5.0.4\asm-5.0.4.jar;G:\Fdrive\SpringBoot\repository\org\assertj\assertj-core\3.9.1\assertj-core-3.9.1.jar;G:\Fdrive\SpringBoot\repository\org\mockito\mockito-core\2.15.0\mockito-core-2.15.0.jar;G:\Fdrive\SpringBoot\repository\net\bytebuddy\byte-buddy\1.7.11\byte-buddy-1.7.11.jar;G:\Fdrive\SpringBoot\repository\net\bytebuddy\byte-buddy-agent\1.7.11\byte-buddy-agent-1.7.11.jar;G:\Fdrive\SpringBoot\repository\org\objenesis\objenesis\2.6\objenesis-2.6.jar;G:\Fdrive\SpringBoot\repository\org\hamcrest\hamcrest-core\1.3\hamcrest-core-1.3.jar;G:\Fdrive\SpringBoot\repository\org\hamcrest\hamcrest-library\1.3\hamcrest-library-1.3.jar;G:\Fdrive\SpringBoot\repository\org\skyscreamer\jsonassert\1.5.0\jsonassert-1.5.0.jar;G:\Fdrive\SpringBoot\repository\com\vaadin\external\google\android-json\0.0.20131108.vaadin1\android-json-0.0.20131108.vaadin1.jar;G:\Fdrive\SpringBoot\repository\org\springframework\spring-core\5.0.5.RELEASE\spring-core-5.0.5.RELEASE.jar;G:\Fdrive\SpringBoot\repository\org\springframework\spring-jcl\5.0.5.RELEASE\spring-jcl-5.0.5.RELEASE.jar;G:\Fdrive\SpringBoot\repository\org\springframework\spring-test\5.0.5.RELEASE\spring-test-5.0.5.RELEASE.jar;G:\Fdrive\SpringBoot\repository\org\xmlunit\xmlunit-core\2.5.1\xmlunit-core-2.5.1.jar;G:\Fdrive\SpringBoot\repository\junit\junit\4.12\junit-4.12.jar;"/>
    <property name="java.vm.vendor" value="Oracle Corporation"/>
    <property name="sun.arch.data.model" value="64"/>
    <property name="user.variant" value=""/>
    <property name="java.vendor.url" value="http://java.oracle.com/"/>
    <property name="user.timezone" value=""/>
    <property name="java.vm.specification.version" value="1.8"/>
    <property name="os.name" value="Windows 10"/>
    <property name="user.country" value="US"/>
    <property name="sun.java.launcher" value="SUN_STANDARD"/>
    <property name="sun.boot.library.path" value="C:\Program Files\Java\jdk1.8.0_162\jre\bin"/>
    <property name="sun.java.command" value="C:\Users\lenovo\AppData\Local\Temp\surefire926910628031344640\surefirebooter6220230850209504938.jar C:\Users\lenovo\AppData\Local\Temp\surefire926910628031344640 2018-05-09T22-00-10_115-jvmRun1 surefire5546756694351202144tmp surefire_0362041975814826199tmp"/>
    <property name="surefire.test.class.path" value="G:\GhousiaDrive\GithubProject-Xebia\Pricer\target\test-classes;G:\GhousiaDrive\GithubProject-Xebia\Pricer\target\classes;G:\Fdrive\SpringBoot\repository\org\springframework\boot\spring-boot-starter-data-mongodb\2.0.1.RELEASE\spring-boot-starter-data-mongodb-2.0.1.RELEASE.jar;G:\Fdrive\SpringBoot\repository\org\springframework\boot\spring-boot-starter\2.0.1.RELEASE\spring-boot-starter-2.0.1.RELEASE.jar;G:\Fdrive\SpringBoot\repository\org\springframework\boot\spring-boot-starter-logging\2.0.1.RELEASE\spring-boot-starter-logging-2.0.1.RELEASE.jar;G:\Fdrive\SpringBoot\repository\ch\qos\logback\logback-classic\1.2.3\logback-classic-1.2.3.jar;G:\Fdrive\SpringBoot\repository\ch\qos\logback\logback-core\1.2.3\logback-core-1.2.3.jar;G:\Fdrive\SpringBoot\repository\org\apache\logging\log4j\log4j-to-slf4j\2.10.0\log4j-to-slf4j-2.10.0.jar;G:\Fdrive\SpringBoot\repository\org\apache\logging\log4j\log4j-api\2.10.0\log4j-api-2.10.0.jar;G:\Fdrive\SpringBoot\repository\org\slf4j\jul-to-slf4j\1.7.25\jul-to-slf4j-1.7.25.jar;G:\Fdrive\SpringBoot\repository\org\yaml\snakeyaml\1.19\snakeyaml-1.19.jar;G:\Fdrive\SpringBoot\repository\org\mongodb\mongodb-driver\3.6.3\mongodb-driver-3.6.3.jar;G:\Fdrive\SpringBoot\repository\org\mongodb\bson\3.6.3\bson-3.6.3.jar;G:\Fdrive\SpringBoot\repository\org\mongodb\mongodb-driver-core\3.6.3\mongodb-driver-core-3.6.3.jar;G:\Fdrive\SpringBoot\repository\org\springframework\data\spring-data-mongodb\2.0.6.RELEASE\spring-data-mongodb-2.0.6.RELEASE.jar;G:\Fdrive\SpringBoot\repository\org\springframework\spring-tx\5.0.5.RELEASE\spring-tx-5.0.5.RELEASE.jar;G:\Fdrive\SpringBoot\repository\org\springframework\spring-context\5.0.5.RELEASE\spring-context-5.0.5.RELEASE.jar;G:\Fdrive\SpringBoot\repository\org\springframework\spring-beans\5.0.5.RELEASE\spring-beans-5.0.5.RELEASE.jar;G:\Fdrive\SpringBoot\repository\org\springframework\spring-expression\5.0.5.RELEASE\spring-expression-5.0.5.RELEASE.jar;G:\Fdrive\SpringBoot\repository\org\springframework\data\spring-data-commons\2.0.6.RELEASE\spring-data-commons-2.0.6.RELEASE.jar;G:\Fdrive\SpringBoot\repository\org\slf4j\slf4j-api\1.7.25\slf4j-api-1.7.25.jar;G:\Fdrive\SpringBoot\repository\org\springframework\boot\spring-boot-starter-web\2.0.1.RELEASE\spring-boot-starter-web-2.0.1.RELEASE.jar;G:\Fdrive\SpringBoot\repository\org\springframework\boot\spring-boot-starter-json\2.0.1.RELEASE\spring-boot-starter-json-2.0.1.RELEASE.jar;G:\Fdrive\SpringBoot\repository\com\fasterxml\jackson\core\jackson-databind\2.9.5\jackson-databind-2.9.5.jar;G:\Fdrive\SpringBoot\repository\com\fasterxml\jackson\core\jackson-annotations\2.9.0\jackson-annotations-2.9.0.jar;G:\Fdrive\SpringBoot\repository\com\fasterxml\jackson\core\jackson-core\2.9.5\jackson-core-2.9.5.jar;G:\Fdrive\SpringBoot\repository\com\fasterxml\jackson\datatype\jackson-datatype-jdk8\2.9.5\jackson-datatype-jdk8-2.9.5.jar;G:\Fdrive\SpringBoot\repository\com\fasterxml\jackson\datatype\jackson-datatype-jsr310\2.9.5\jackson-datatype-jsr310-2.9.5.jar;G:\Fdrive\SpringBoot\repository\com\fasterxml\jackson\module\jackson-module-parameter-names\2.9.5\jackson-module-parameter-names-2.9.5.jar;G:\Fdrive\SpringBoot\repository\org\hibernate\validator\hibernate-validator\6.0.9.Final\hibernate-validator-6.0.9.Final.jar;G:\Fdrive\SpringBoot\repository\javax\validation\validation-api\2.0.1.Final\validation-api-2.0.1.Final.jar;G:\Fdrive\SpringBoot\repository\org\jboss\logging\jboss-logging\3.3.2.Final\jboss-logging-3.3.2.Final.jar;G:\Fdrive\SpringBoot\repository\com\fasterxml\classmate\1.3.4\classmate-1.3.4.jar;G:\Fdrive\SpringBoot\repository\org\springframework\spring-web\5.0.5.RELEASE\spring-web-5.0.5.RELEASE.jar;G:\Fdrive\SpringBoot\repository\org\springframework\spring-webmvc\5.0.5.RELEASE\spring-webmvc-5.0.5.RELEASE.jar;G:\Fdrive\SpringBoot\repository\org\springframework\spring-aop\5.0.5.RELEASE\spring-aop-5.0.5.RELEASE.jar;G:\Fdrive\SpringBoot\repository\org\springframework\boot\spring-boot-starter-tomcat\2.0.1.RELEASE\spring-boot-starter-tomcat-2.0.1.RELEASE.jar;G:\Fdrive\SpringBoot\repository\javax\annotation\javax.annotation-api\1.3.2\javax.annotation-api-1.3.2.jar;G:\Fdrive\SpringBoot\repository\org\apache\tomcat\embed\tomcat-embed-core\8.5.29\tomcat-embed-core-8.5.29.jar;G:\Fdrive\SpringBoot\repository\org\apache\tomcat\embed\tomcat-embed-el\8.5.29\tomcat-embed-el-8.5.29.jar;G:\Fdrive\SpringBoot\repository\org\apache\tomcat\embed\tomcat-embed-websocket\8.5.29\tomcat-embed-websocket-8.5.29.jar;G:\Fdrive\SpringBoot\repository\javax\servlet\jstl\1.2\jstl-1.2.jar;G:\Fdrive\SpringBoot\repository\org\apache\tomcat\embed\tomcat-embed-jasper\8.5.29\tomcat-embed-jasper-8.5.29.jar;G:\Fdrive\SpringBoot\repository\org\eclipse\jdt\ecj\3.12.3\ecj-3.12.3.jar;G:\Fdrive\SpringBoot\repository\org\springframework\boot\spring-boot-devtools\2.0.1.RELEASE\spring-boot-devtools-2.0.1.RELEASE.jar;G:\Fdrive\SpringBoot\repository\org\springframework\boot\spring-boot\2.0.1.RELEASE\spring-boot-2.0.1.RELEASE.jar;G:\Fdrive\SpringBoot\repository\org\springframework\boot\spring-boot-autoconfigure\2.0.1.RELEASE\spring-boot-autoconfigure-2.0.1.RELEASE.jar;G:\Fdrive\SpringBoot\repository\org\springframework\boot\spring-boot-starter-test\2.0.1.RELEASE\spring-boot-starter-test-2.0.1.RELEASE.jar;G:\Fdrive\SpringBoot\repository\org\springframework\boot\spring-boot-test\2.0.1.RELEASE\spring-boot-test-2.0.1.RELEASE.jar;G:\Fdrive\SpringBoot\repository\org\springframework\boot\spring-boot-test-autoconfigure\2.0.1.RELEASE\spring-boot-test-autoconfigure-2.0.1.RELEASE.jar;G:\Fdrive\SpringBoot\repository\com\jayway\jsonpath\json-path\2.4.0\json-path-2.4.0.jar;G:\Fdrive\SpringBoot\repository\net\minidev\json-smart\2.3\json-smart-2.3.jar;G:\Fdrive\SpringBoot\repository\net\minidev\accessors-smart\1.2\accessors-smart-1.2.jar;G:\Fdrive\SpringBoot\repository\org\ow2\asm\asm\5.0.4\asm-5.0.4.jar;G:\Fdrive\SpringBoot\repository\org\assertj\assertj-core\3.9.1\assertj-core-3.9.1.jar;G:\Fdrive\SpringBoot\repository\org\mockito\mockito-core\2.15.0\mockito-core-2.15.0.jar;G:\Fdrive\SpringBoot\repository\net\bytebuddy\byte-buddy\1.7.11\byte-buddy-1.7.11.jar;G:\Fdrive\SpringBoot\repository\net\bytebuddy\byte-buddy-agent\1.7.11\byte-buddy-agent-1.7.11.jar;G:\Fdrive\SpringBoot\repository\org\objenesis\objenesis\2.6\objenesis-2.6.jar;G:\Fdrive\SpringBoot\repository\org\hamcrest\hamcrest-core\1.3\hamcrest-core-1.3.jar;G:\Fdrive\SpringBoot\repository\org\hamcrest\hamcrest-library\1.3\hamcrest-library-1.3.jar;G:\Fdrive\SpringBoot\repository\org\skyscreamer\jsonassert\1.5.0\jsonassert-1.5.0.jar;G:\Fdrive\SpringBoot\repository\com\vaadin\external\google\android-json\0.0.20131108.vaadin1\android-json-0.0.20131108.vaadin1.jar;G:\Fdrive\SpringBoot\repository\org\springframework\spring-core\5.0.5.RELEASE\spring-core-5.0.5.RELEASE.jar;G:\Fdrive\SpringBoot\repository\org\springframework\spring-jcl\5.0.5.RELEASE\spring-jcl-5.0.5.RELEASE.jar;G:\Fdrive\SpringBoot\repository\org\springframework\spring-test\5.0.5.RELEASE\spring-test-5.0.5.RELEASE.jar;G:\Fdrive\SpringBoot\repository\org\xmlunit\xmlunit-core\2.5.1\xmlunit-core-2.5.1.jar;G:\Fdrive\SpringBoot\repository\junit\junit\4.12\junit-4.12.jar;"/>
    <property name="sun.cpu.endian" value="little"/>
    <property name="user.home" value="C:\Users\lenovo"/>
    <property name="user.language" value="en"/>
    <property name="java.specification.vendor" value="Oracle Corporation"/>
    <property name="java.home" value="C:\Program Files\Java\jdk1.8.0_162\jre"/>
    <property name="basedir" value="G:\GhousiaDrive\GithubProject-Xebia\Pricer"/>
    <property name="file.separator" value="\"/>
    <property name="line.separator" value="&#10;"/>
    <property name="java.vm.specification.vendor" value="Oracle Corporation"/>
    <property name="java.specification.name" value="Java Platform API Specification"/>
    <property name="java.awt.graphicsenv" value="sun.awt.Win32GraphicsEnvironment"/>
    <property name="surefire.real.class.path" value="C:\Users\lenovo\AppData\Local\Temp\surefire926910628031344640\surefirebooter6220230850209504938.jar"/>
    <property name="sun.boot.class.path" value="C:\Program Files\Java\jdk1.8.0_162\jre\lib\resources.jar;C:\Program Files\Java\jdk1.8.0_162\jre\lib\rt.jar;C:\Program Files\Java\jdk1.8.0_162\jre\lib\sunrsasign.jar;C:\Program Files\Java\jdk1.8.0_162\jre\lib\jsse.jar;C:\Program Files\Java\jdk1.8.0_162\jre\lib\jce.jar;C:\Program Files\Java\jdk1.8.0_162\jre\lib\charsets.jar;C:\Program Files\Java\jdk1.8.0_162\jre\lib\jfr.jar;C:\Program Files\Java\jdk1.8.0_162\jre\classes"/>
    <property name="user.script" value=""/>
    <property name="sun.management.compiler" value="HotSpot 64-Bit Tiered Compilers"/>
    <property name="java.runtime.version" value="1.8.0_162-b12"/>
    <property name="user.name" value="lenovo"/>
    <property name="path.separator" value=";"/>
    <property name="os.version" value="10.0"/>
    <property name="java.endorsed.dirs" value="C:\Program Files\Java\jdk1.8.0_162\jre\lib\endorsed"/>
    <property name="java.runtime.name" value="Java(TM) SE Runtime Environment"/>
    <property name="file.encoding" value="Cp1252"/>
    <property name="java.vm.name" value="Java HotSpot(TM) 64-Bit Server VM"/>
    <property name="localRepository" value="G:\Fdrive\SpringBoot\repository"/>
    <property name="java.vendor.url.bug" value="http://bugreport.sun.com/bugreport/"/>
    <property name="java.io.tmpdir" value="C:\Users\lenovo\AppData\Local\Temp\"/>
    <property name="java.version" value="1.8.0_162"/>
    <property name="user.dir" value="G:\GhousiaDrive\GithubProject-Xebia\Pricer"/>
    <property name="os.arch" value="amd64"/>
    <property name="java.vm.specification.name" value="Java Virtual Machine Specification"/>
    <property name="java.awt.printerjob" value="sun.awt.windows.WPrinterJob"/>
    <property name="sun.os.patch.level" value=""/>
    <property name="java.library.path" value="C:\Program Files\Java\jdk1.8.0_162\jre\bin;C:\WINDOWS\Sun\Java\bin;C:\WINDOWS\system32;C:\WINDOWS;C:/Program Files/Java/jre1.8.0_162/bin/server;C:/Program Files/Java/jre1.8.0_162/bin;C:/Program Files/Java/jre1.8.0_162/lib/amd64;C:\ProgramData\Oracle\Java\javapath;C:\WINDOWS\system32;C:\WINDOWS;C:\WINDOWS\System32\Wbem;C:\WINDOWS\System32\WindowsPowerShell\v1.0\;C:\Program Files\Microsoft\Web Platform Installer\;C:\Program Files (x86)\Microsoft ASP.NET\ASP.NET Web Pages\v1.0\;C:\Program Files\Microsoft SQL Server\110\Tools\Binn\;C:\Program Files\Java\jdk1.7.0_79\bin;C:\Program Files\Microsoft SQL Server\130\Tools\Binn\;C:\Program Files (x86)\Windows Kits\8.1\Windows Performance Toolkit\;C:\Program Files (x86)\GtkSharp\2.12\bin;C:\Program Files (x86)\Skype\Phone\;C:\Program Files\Git\cmd;C:\Program Files\nodejs\;C:\Program Files\dotnet\;C:\Program Files\Java\jdk1.8.0_162\bin\;C:\Program Files\Java\jre1.8.0_162\bin\;G:\Fdrive\SpringBoot\apache-maven-3.5.3\bin;C:\Users\lenovo\AppData\Local\Programs\Python\Python36-32;C:\Users\lenovo\AppData\Local\Programs\Python\Python36-32\Scripts;C:\Program Files\Microsoft VS Code\bin;C:\Program Files\MongoDB\Server\3.6\bin;;G:\Fdrive\SpringBoot\sts-bundle\sts-3.9.2.RELEASE;;."/>
    <property name="java.vm.info" value="mixed mode"/>
    <property name="java.vendor" value="Oracle Corporation"/>
    <property name="java.vm.version" value="25.162-b12"/>
    <property name="java.ext.dirs" value="C:\Program Files\Java\jdk1.8.0_162\jre\lib\ext;C:\WINDOWS\Sun\Java\lib\ext"/>
    <property name="sun.io.unicode.encoding" value="UnicodeLittle"/>
    <property name="java.class.version" value="52.0"/>
  </properties>
  <testcase name="testSaveProduct" classname="com.prizy.pricer.repositories.ProductRepositoryTest" time="0.018">
    <error message="Error creating bean with name &apos;com.prizy.pricer.repositories.ProductRepositoryTest&apos;: Unsatisfied dependency expressed through method &apos;setProductRepository&apos; parameter 0; nested exception is org.springframework.beans.factory.NoSuchBeanDefinitionException: No qualifying bean of type &apos;com.prizy.pricer.repositories.ProductRepository&apos; available: expected at least 1 bean which qualifies as autowire candidate. Dependency annotations: {}" type="org.springframework.beans.factory.UnsatisfiedDependencyException">org.springframework.beans.factory.UnsatisfiedDependencyException: Error creating bean with name 'com.prizy.pricer.repositories.ProductRepositoryTest': Unsatisfied dependency expressed through method 'setProductRepository' parameter 0; nested exception is org.springframework.beans.factory.NoSuchBeanDefinitionException: No qualifying bean of type 'com.prizy.pricer.repositories.ProductRepository' available: expected at least 1 bean which qualifies as autowire candidate. Dependency annotations: {}
Caused by: org.springframework.beans.factory.NoSuchBeanDefinitionException: No qualifying bean of type 'com.prizy.pricer.repositories.ProductRepository' available: expected at least 1 bean which qualifies as autowire candidate. Dependency annotations: {}
</error>
    <system-out><![CDATA[2018-05-09 22:00:24.217  INFO 7668 --- [           main] .b.t.c.SpringBootTestContextBootstrapper : Neither @ContextConfiguration nor @ContextHierarchy found for test class [com.prizy.pricer.repositories.ProductRepositoryTest], using SpringBootContextLoader
2018-05-09 22:00:24.221  INFO 7668 --- [           main] o.s.t.c.support.AbstractContextLoader    : Could not detect default resource locations for test class [com.prizy.pricer.repositories.ProductRepositoryTest]: no resource found for suffixes {-context.xml, Context.groovy}.
2018-05-09 22:00:24.234  INFO 7668 --- [           main] .b.t.c.SpringBootTestContextBootstrapper : Loaded default TestExecutionListener class names from location [META-INF/spring.factories]: [org.springframework.boot.test.mock.mockito.MockitoTestExecutionListener, org.springframework.boot.test.mock.mockito.ResetMocksTestExecutionListener, org.springframework.boot.test.autoconfigure.restdocs.RestDocsTestExecutionListener, org.springframework.boot.test.autoconfigure.web.client.MockRestServiceServerResetTestExecutionListener, org.springframework.boot.test.autoconfigure.web.servlet.MockMvcPrintOnlyOnFailureTestExecutionListener, org.springframework.boot.test.autoconfigure.web.servlet.WebDriverTestExecutionListener, org.springframework.test.context.web.ServletTestExecutionListener, org.springframework.test.context.support.DirtiesContextBeforeModesTestExecutionListener, org.springframework.test.context.support.DependencyInjectionTestExecutionListener, org.springframework.test.context.support.DirtiesContextTestExecutionListener, org.springframework.test.context.transaction.TransactionalTestExecutionListener, org.springframework.test.context.jdbc.SqlScriptsTestExecutionListener]
2018-05-09 22:00:24.235  INFO 7668 --- [           main] .b.t.c.SpringBootTestContextBootstrapper : Using TestExecutionListeners: [org.springframework.test.context.web.ServletTestExecutionListener@4cc36c19, org.springframework.test.context.support.DirtiesContextBeforeModesTestExecutionListener@5a3a1bf9, org.springframework.boot.test.mock.mockito.MockitoTestExecutionListener@2100d047, org.springframework.boot.test.autoconfigure.SpringBootDependencyInjectionTestExecutionListener@4af45442, org.springframework.test.context.support.DirtiesContextTestExecutionListener@1d805aa1, org.springframework.test.context.transaction.TransactionalTestExecutionListener@176f7f3b, org.springframework.test.context.jdbc.SqlScriptsTestExecutionListener@30ca0779, org.springframework.boot.test.mock.mockito.ResetMocksTestExecutionListener@58740366, org.springframework.boot.test.autoconfigure.restdocs.RestDocsTestExecutionListener@47be0f9b, org.springframework.boot.test.autoconfigure.web.client.MockRestServiceServerResetTestExecutionListener@2bc426f0, org.springframework.boot.test.autoconfigure.web.servlet.MockMvcPrintOnlyOnFailureTestExecutionListener@4bd51d3e, org.springframework.boot.test.autoconfigure.web.servlet.WebDriverTestExecutionListener@33425811]

  .   ____          _            __ _ _
 /\\ / ___'_ __ _ _(_)_ __  __ _ \ \ \ \
( ( )\___ | '_ | '_| | '_ \/ _` | \ \ \ \
 \\/  ___)| |_)| | | | | || (_| |  ) ) ) )
  '  |____| .__|_| |_|_| |_\__, | / / / /
 =========|_|==============|___/=/_/_/_/
 :: Spring Boot ::        (v2.0.1.RELEASE)

2018-05-09 22:00:24.347  INFO 7668 --- [           main] c.p.p.r.ProductRepositoryTest            : Starting ProductRepositoryTest on Ghousia with PID 7668 (started by lenovo in G:\GhousiaDrive\GithubProject-Xebia\Pricer)
2018-05-09 22:00:24.347  INFO 7668 --- [           main] c.p.p.r.ProductRepositoryTest            : No active profile set, falling back to default profiles: default
2018-05-09 22:00:24.352  INFO 7668 --- [           main] o.s.w.c.s.GenericWebApplicationContext   : Refreshing org.springframework.web.context.support.GenericWebApplicationContext@1c8f6a90: startup date [Wed May 09 22:00:24 IST 2018]; root of context hierarchy
2018-05-09 22:00:24.409  INFO 7668 --- [           main] c.p.p.r.ProductRepositoryTest            : Started ProductRepositoryTest in 0.107 seconds (JVM running for 13.0)
2018-05-09 22:00:24.449 ERROR 7668 --- [           main] o.s.test.context.TestContextManager      : Caught exception while allowing TestExecutionListener [org.springframework.boot.test.autoconfigure.SpringBootDependencyInjectionTestExecutionListener@4af45442] to prepare test instance [com.prizy.pricer.repositories.ProductRepositoryTest@7a360554]

org.springframework.beans.factory.UnsatisfiedDependencyException: Error creating bean with name 'com.prizy.pricer.repositories.ProductRepositoryTest': Unsatisfied dependency expressed through method 'setProductRepository' parameter 0; nested exception is org.springframework.beans.factory.NoSuchBeanDefinitionException: No qualifying bean of type 'com.prizy.pricer.repositories.ProductRepository' available: expected at least 1 bean which qualifies as autowire candidate. Dependency annotations: {}
	at org.springframework.beans.factory.annotation.AutowiredAnnotationBeanPostProcessor$AutowiredMethodElement.inject(AutowiredAnnotationBeanPostProcessor.java:667) ~[spring-beans-5.0.5.RELEASE.jar:5.0.5.RELEASE]
	at org.springframework.beans.factory.annotation.InjectionMetadata.inject(InjectionMetadata.java:91) ~[spring-beans-5.0.5.RELEASE.jar:5.0.5.RELEASE]
	at org.springframework.beans.factory.annotation.AutowiredAnnotationBeanPostProcessor.postProcessPropertyValues(AutowiredAnnotationBeanPostProcessor.java:373) ~[spring-beans-5.0.5.RELEASE.jar:5.0.5.RELEASE]
	at org.springframework.beans.factory.support.AbstractAutowireCapableBeanFactory.populateBean(AbstractAutowireCapableBeanFactory.java:1344) ~[spring-beans-5.0.5.RELEASE.jar:5.0.5.RELEASE]
	at org.springframework.beans.factory.support.AbstractAutowireCapableBeanFactory.autowireBeanProperties(AbstractAutowireCapableBeanFactory.java:399) ~[spring-beans-5.0.5.RELEASE.jar:5.0.5.RELEASE]
	at org.springframework.test.context.support.DependencyInjectionTestExecutionListener.injectDependencies(DependencyInjectionTestExecutionListener.java:118) ~[spring-test-5.0.5.RELEASE.jar:5.0.5.RELEASE]
	at org.springframework.test.context.support.DependencyInjectionTestExecutionListener.prepareTestInstance(DependencyInjectionTestExecutionListener.java:83) ~[spring-test-5.0.5.RELEASE.jar:5.0.5.RELEASE]
	at org.springframework.boot.test.autoconfigure.SpringBootDependencyInjectionTestExecutionListener.prepareTestInstance(SpringBootDependencyInjectionTestExecutionListener.java:44) ~[spring-boot-test-autoconfigure-2.0.1.RELEASE.jar:2.0.1.RELEASE]
	at org.springframework.test.context.TestContextManager.prepareTestInstance(TestContextManager.java:246) ~[spring-test-5.0.5.RELEASE.jar:5.0.5.RELEASE]
	at org.springframework.test.context.junit4.SpringJUnit4ClassRunner.createTest(SpringJUnit4ClassRunner.java:227) [spring-test-5.0.5.RELEASE.jar:5.0.5.RELEASE]
	at org.springframework.test.context.junit4.SpringJUnit4ClassRunner$1.runReflectiveCall(SpringJUnit4ClassRunner.java:289) [spring-test-5.0.5.RELEASE.jar:5.0.5.RELEASE]
	at org.junit.internal.runners.model.ReflectiveCallable.run(ReflectiveCallable.java:12) [junit-4.12.jar:4.12]
	at org.springframework.test.context.junit4.SpringJUnit4ClassRunner.methodBlock(SpringJUnit4ClassRunner.java:291) [spring-test-5.0.5.RELEASE.jar:5.0.5.RELEASE]
	at org.springframework.test.context.junit4.SpringJUnit4ClassRunner.runChild(SpringJUnit4ClassRunner.java:246) [spring-test-5.0.5.RELEASE.jar:5.0.5.RELEASE]
	at org.springframework.test.context.junit4.SpringJUnit4ClassRunner.runChild(SpringJUnit4ClassRunner.java:97) [spring-test-5.0.5.RELEASE.jar:5.0.5.RELEASE]
	at org.junit.runners.ParentRunner$3.run(ParentRunner.java:290) [junit-4.12.jar:4.12]
	at org.junit.runners.ParentRunner$1.schedule(ParentRunner.java:71) [junit-4.12.jar:4.12]
	at org.junit.runners.ParentRunner.runChildren(ParentRunner.java:288) [junit-4.12.jar:4.12]
	at org.junit.runners.ParentRunner.access$000(ParentRunner.java:58) [junit-4.12.jar:4.12]
	at org.junit.runners.ParentRunner$2.evaluate(ParentRunner.java:268) [junit-4.12.jar:4.12]
	at org.springframework.test.context.junit4.statements.RunBeforeTestClassCallbacks.evaluate(RunBeforeTestClassCallbacks.java:61) [spring-test-5.0.5.RELEASE.jar:5.0.5.RELEASE]
	at org.springframework.test.context.junit4.statements.RunAfterTestClassCallbacks.evaluate(RunAfterTestClassCallbacks.java:70) [spring-test-5.0.5.RELEASE.jar:5.0.5.RELEASE]
	at org.junit.runners.ParentRunner.run(ParentRunner.java:363) [junit-4.12.jar:4.12]
	at org.springframework.test.context.junit4.SpringJUnit4ClassRunner.run(SpringJUnit4ClassRunner.java:190) [spring-test-5.0.5.RELEASE.jar:5.0.5.RELEASE]
	at org.apache.maven.surefire.junit4.JUnit4Provider.execute(JUnit4Provider.java:365) [surefire-junit4-2.21.0.jar:2.21.0]
	at org.apache.maven.surefire.junit4.JUnit4Provider.executeWithRerun(JUnit4Provider.java:273) [surefire-junit4-2.21.0.jar:2.21.0]
	at org.apache.maven.surefire.junit4.JUnit4Provider.executeTestSet(JUnit4Provider.java:238) [surefire-junit4-2.21.0.jar:2.21.0]
	at org.apache.maven.surefire.junit4.JUnit4Provider.invoke(JUnit4Provider.java:159) [surefire-junit4-2.21.0.jar:2.21.0]
	at org.apache.maven.surefire.booter.ForkedBooter.invokeProviderInSameClassLoader(ForkedBooter.java:379) [surefire-booter-2.21.0.jar:2.21.0]
	at org.apache.maven.surefire.booter.ForkedBooter.runSuitesInProcess(ForkedBooter.java:340) [surefire-booter-2.21.0.jar:2.21.0]
	at org.apache.maven.surefire.booter.ForkedBooter.execute(ForkedBooter.java:125) [surefire-booter-2.21.0.jar:2.21.0]
	at org.apache.maven.surefire.booter.ForkedBooter.main(ForkedBooter.java:413) [surefire-booter-2.21.0.jar:2.21.0]
Caused by: org.springframework.beans.factory.NoSuchBeanDefinitionException: No qualifying bean of type 'com.prizy.pricer.repositories.ProductRepository' available: expected at least 1 bean which qualifies as autowire candidate. Dependency annotations: {}
	at org.springframework.beans.factory.support.DefaultListableBeanFactory.raiseNoMatchingBeanFound(DefaultListableBeanFactory.java:1509) ~[spring-beans-5.0.5.RELEASE.jar:5.0.5.RELEASE]
	at org.springframework.beans.factory.support.DefaultListableBeanFactory.doResolveDependency(DefaultListableBeanFactory.java:1104) ~[spring-beans-5.0.5.RELEASE.jar:5.0.5.RELEASE]
	at org.springframework.beans.factory.support.DefaultListableBeanFactory.resolveDependency(DefaultListableBeanFactory.java:1065) ~[spring-beans-5.0.5.RELEASE.jar:5.0.5.RELEASE]
	at org.springframework.beans.factory.annotation.AutowiredAnnotationBeanPostProcessor$AutowiredMethodElement.inject(AutowiredAnnotationBeanPostProcessor.java:659) ~[spring-beans-5.0.5.RELEASE.jar:5.0.5.RELEASE]
	... 31 common frames omitted

]]></system-out>
    <system-err><![CDATA[


============================
CONDITIONS EVALUATION REPORT
============================


Positive matches:
-----------------

    None


Negative matches:
-----------------

    None


Exclusions:
-----------

    None


Unconditional classes:
----------------------

    None



]]></system-err>
  </testcase>
</testsuite>